<?xml version="1.0" encoding="UTF-8"?>
<testsuite name="test.collective.SimpleAgedCacheTest" tests="4" skipped="0" failures="0" errors="0" timestamp="2024-04-09T22:45:13" hostname="lara" time="0.034">
  <properties/>
  <testcase name="getExpired()" classname="test.collective.SimpleAgedCacheTest" time="0.029"/>
  <testcase name="get()" classname="test.collective.SimpleAgedCacheTest" time="0.001"/>
  <testcase name="size()" classname="test.collective.SimpleAgedCacheTest" time="0.001"/>
  <testcase name="isEmpty()" classname="test.collective.SimpleAgedCacheTest" time="0.001"/>
  <system-out><![CDATA[]]></system-out>
  <system-err><![CDATA[]]></system-err>
</testsuite>
