<?xml version="1.0" encoding="UTF-8"?>
<testsuite name="prueba.WordTest" tests="1" skipped="0" failures="0" errors="0" timestamp="2024-05-08T03:34:11" hostname="Katana" time="0.072">
  <properties/>
  <testcase name="oneCorrectLetter()" classname="prueba.WordTest" time="0.072"/>
  <system-out><![CDATA[]]></system-out>
  <system-err><![CDATA[]]></system-err>
</testsuite>
